Arguments: 
  C:\Program Files\nodejs\node.exe C:\Users\USER\AppData\Roaming\npm\node_modules\yarn\bin\yarn.js install

PATH: 
  C:\Users\USER\bin;C:\Program Files\Git\mingw64\bin;C:\Program Files\Git\usr\local\bin;C:\Program Files\Git\usr\bin;C:\Program Files\Git\usr\bin;C:\Program Files\Git\mingw64\bin;C:\Program Files\Git\usr\bin;C:\Users\USER\bin;C:\Windows\system32;C:\Windows;C:\Windows\System32\Wbem;C:\Windows\System32\WindowsPowerShell\v1.0;C:\Windows\System32\OpenSSH;C:\Program Files\nodejs;C:\Program Files\Git\cmd;C:\Program Files\dotnet;C:\Program Files\Go\bin;C:\Users\USER\AppData\Local\Microsoft\WindowsApps;C:\Users\USER\AppData\Roaming\npm;C:\Users\USER\AppData\Local\Programs\Microsoft VS Code\bin;C:\Users\USER\go\bin;C:\Program Files\Git\usr\bin\vendor_perl;C:\Program Files\Git\usr\bin\core_perl

Yarn version: 
  1.22.19

Node version: 
  16.17.0

Platform: 
  win32 x64

Trace: 
  Error: https://registry.yarnpkg.com/@saas-ui%2ffeatures: Not found
      at Request.params.callback [as _callback] (C:\Users\USER\AppData\Roaming\npm\node_modules\yarn\lib\cli.js:66145:18)
      at Request.self.callback (C:\Users\USER\AppData\Roaming\npm\node_modules\yarn\lib\cli.js:140890:22)
      at Request.emit (node:events:513:28)
      at Request.<anonymous> (C:\Users\USER\AppData\Roaming\npm\node_modules\yarn\lib\cli.js:141862:10)
      at Request.emit (node:events:513:28)
      at IncomingMessage.<anonymous> (C:\Users\USER\AppData\Roaming\npm\node_modules\yarn\lib\cli.js:141784:12)
      at Object.onceWrapper (node:events:627:28)
      at IncomingMessage.emit (node:events:525:35)
      at endReadableNT (node:internal/streams/readable:1358:12)
      at processTicksAndRejections (node:internal/process/task_queues:83:21)

npm manifest: 
  {
    "name": "website",
    "version": "2.0.0-next.8",
    "private": true,
    "author": "Eelco Wiersma <eelco@appulse.nl>",
    "scripts": {
      "dev": "next dev --port 3020",
      "build": "yarn gen:contentlayer && next build",
      "start": "next start",
      "lint": "next lint",
      "lint:staged": "lint-staged --allow-empty --config ../../lint-staged.config.js",
      "prettify": "prettier --write src",
      "gen:theme-typings": "chakra-cli tokens src/styles/theme.ts",
      "gen:contentlayer": "contentlayer build --config ./contentlayer.config.ts --verbose",
      "typecheck": "tsc --noEmit"
    },
    "dependencies": {
      "@chakra-ui/icons": "^2.0.18",
      "@chakra-ui/props-docs": "^2.2.1",
      "@chakra-ui/react": "^2.5.5",
      "@chakra-ui/skip-nav": "^2.0.15",
      "@chakra-ui/system": "^2.5.5",
      "@emotion/react": "^11.10.6",
      "@emotion/styled": "^11.10.6",
      "@fontsource/inter": "^4.5.15",
      "@mapbox/rehype-prism": "^0.8.0",
      "@mdx-js/loader": "^2.3.0",
      "@next/bundle-analyzer": "^13.2.4",
      "@octokit/rest": "^19.0.7",
      "@saas-ui/command-bar": "workspace:^",
      "@saas-ui/palette": "workspace:*",
      "@saas-ui/props-docs": "workspace:*",
      "@saas-ui/react": "workspace:*",
      "@svgr/webpack": "^5.5.0",
      "@vercel/og": "^0.5.0",
      "canvas-confetti": "^1.6.0",
      "contentlayer": "^0.3.1",
      "date-fns": "^2.29.3",
      "framer-motion": "^10.10.0",
      "github-slugger": "^2.0.0",
      "match-sorter": "^6.3.1",
      "next": "^13.2.4",
      "next-contentlayer": "^0.3.1",
      "next-mdx-remote": "^4.4.1",
      "next-seo": "^6.0.0",
      "prism-react-renderer": "^1.3.5",
      "react": "^18.2.0",
      "react-dom": "^18.2.0",
      "react-icons": "^4.8.0",
      "react-intersection-observer": "^9.4.3",
      "react-live-runner": "^1.0.5",
      "react-markdown": "^8.0.6",
      "reading-time": "^1.5.0",
      "remark-code-titles": "^0.1.2",
      "remark-emoji": "^3.1.1",
      "remark-gfm": "^3.0.1",
      "remark-slug": "^7.0.1",
      "yup": "^1.0.2"
    },
    "devDependencies": {
      "@netlify/plugin-nextjs": "^4.33.0",
      "@types/node": "^18.15.11",
      "@types/react": "^18.0.33",
      "electron-to-chromium": "^1.4.352",
      "eslint": "^8.37.0",
      "eslint-config-next": "^13.2.4",
      "typescript": "^4.9.5"
    },
    "optionalDependencies": {
      "@saas-ui/features": "workspace:*"
    }
  }

yarn manifest: 
  No manifest

Lockfile: 
  No lockfile
